{
  "RSpec": {
    "coverage": {
      "/Users/megantalbot/maeven/maeven-collective/app/models/user.rb": [
        1,
        1,
        null,
        1,
        null,
        1,
        1,
        1,
        null,
        null
      ],
      "/Users/megantalbot/maeven/maeven-collective/app/models/application_record.rb": [
        1,
        1,
        null
      ],
      "/Users/megantalbot/maeven/maeven-collective/app/models/category.rb": [
        1,
        1,
        1,
        null,
        null
      ],
      "/Users/megantalbot/maeven/maeven-collective/app/controllers/application_controller.rb": [
        1,
        1,
        null,
        1,
        1,
        1,
        null,
        1,
        0,
        null,
        null,
        1,
        4,
        null,
        null,
        1,
        0,
        0,
        null,
        0,
        null,
        null,
        null
      ],
      "/Users/megantalbot/maeven/maeven-collective/app/controllers/admin/organizations_controller.rb": [
        1,
        1,
        2,
        2,
        2,
        null,
        null,
        1,
        2,
        2,
        4,
        2,
        0,
        0,
        null,
        null,
        2,
        1,
        1,
        null,
        1,
        1,
        null,
        null,
        null,
        1,
        0,
        null,
        null,
        1,
        0,
        0,
        0,
        null,
        null,
        1,
        0,
        0,
        0,
        0,
        0,
        0,
        null,
        null,
        1,
        1,
        2,
        null,
        null,
        null
      ],
      "/Users/megantalbot/maeven/maeven-collective/app/models/organization.rb": [
        1,
        1,
        1,
        1,
        null,
        1,
        null,
        1,
        null,
        1,
        null,
        1,
        null,
        null,
        null,
        null,
        null,
        null,
        null,
        1,
        null,
        1,
        0,
        null,
        null,
        1,
        0,
        0,
        0,
        0,
        null,
        0,
        null,
        null,
        null
      ],
      "/Users/megantalbot/maeven/maeven-collective/app/models/organizations_category.rb": [
        1,
        1,
        1,
        null
      ],
      "/Users/megantalbot/maeven/maeven-collective/app/controllers/admin/dashboard_controller.rb": [
        1,
        null,
        1,
        null,
        1,
        1,
        null,
        null,
        1,
        1,
        0,
        null,
        1,
        null,
        null,
        null,
        null
      ],
      "/Users/megantalbot/maeven/maeven-collective/app/models/offering.rb": [
        1,
        1,
        1,
        1,
        null,
        1,
        null,
        null,
        null,
        null,
        1,
        null,
        null
      ]
    },
    "timestamp": 1493041779
  }
}
