{
  "RSpec": {
    "coverage": {
      "/Users/megantalbot/repos/maeven-collective/app/models/user.rb": [
        1,
        1,
        null,
        1,
        null,
        1,
        1,
        1,
        null,
        null
      ],
      "/Users/megantalbot/repos/maeven-collective/app/models/application_record.rb": [
        1,
        1,
        null
      ],
      "/Users/megantalbot/repos/maeven-collective/app/models/category.rb": [
        1,
        1,
        1,
        null,
        1,
        null,
        null,
        null
      ],
      "/Users/megantalbot/repos/maeven-collective/app/controllers/application_controller.rb": [
        1,
        1,
        null,
        1,
        1,
        1,
        null,
        1,
        25,
        null,
        null,
        1,
        17,
        null,
        null,
        1,
        3,
        1,
        null,
        2,
        null,
        null,
        null
      ],
      "/Users/megantalbot/repos/maeven-collective/app/controllers/admin/organizations_controller.rb": [
        1,
        null,
        1,
        null,
        1,
        1,
        1,
        1,
        null,
        null,
        1,
        1,
        1,
        2,
        1,
        1,
        1,
        1,
        null,
        0,
        0,
        null,
        null,
        null,
        1,
        null,
        null,
        1,
        0,
        0,
        null,
        null,
        1,
        0,
        0,
        0,
        0,
        0,
        0,
        0,
        0,
        null,
        null,
        1,
        null,
        1,
        1,
        null,
        null,
        null,
        null,
        null,
        null,
        null,
        null,
        null,
        null,
        null,
        null,
        1,
        0,
        null,
        null,
        null
      ],
      "/Users/megantalbot/repos/maeven-collective/app/models/organization.rb": [
        1,
        1,
        1,
        1,
        null,
        1,
        null,
        1,
        null,
        1,
        null,
        1,
        null,
        null,
        null,
        null,
        null,
        null,
        null,
        1,
        null,
        1,
        0,
        null,
        null,
        1,
        0,
        0,
        0,
        0,
        null,
        0,
        null,
        null,
        1,
        0,
        0,
        null,
        null,
        null,
        1,
        0,
        null,
        null,
        1,
        0,
        null,
        null,
        1,
        0,
        null,
        null,
        null
      ],
      "/Users/megantalbot/repos/maeven-collective/app/models/organizations_category.rb": [
        1,
        1,
        1,
        null
      ],
      "/Users/megantalbot/repos/maeven-collective/app/controllers/admin/dashboard_controller.rb": [
        1,
        null,
        1,
        null,
        1,
        6,
        null,
        null,
        1,
        4,
        0,
        null,
        4,
        null,
        null,
        null,
        null
      ],
      "/Users/megantalbot/repos/maeven-collective/app/models/offering.rb": [
        1,
        1,
        1,
        1,
        null,
        1,
        null,
        null,
        null,
        null,
        1,
        null,
        1,
        0,
        0,
        null,
        null,
        1,
        0,
        0,
        0,
        null,
        null,
        1,
        0,
        0,
        0,
        null,
        null,
        null
      ],
      "/Users/megantalbot/repos/maeven-collective/app/controllers/sessions_controller.rb": [
        1,
        null,
        1,
        null,
        null,
        1,
        null,
        null,
        1,
        4,
        4,
        2,
        2,
        2,
        null,
        2,
        2,
        null,
        null,
        null,
        1,
        1,
        1,
        1,
        null,
        null
      ],
      "/Users/megantalbot/repos/maeven-collective/app/controllers/landing_controller.rb": [
        1,
        null,
        1,
        5,
        5,
        null,
        null
      ],
      "/Users/megantalbot/repos/maeven-collective/app/controllers/users_controller.rb": [
        1,
        null,
        1,
        6,
        null,
        null,
        1,
        6,
        6,
        1,
        1,
        1,
        null,
        5,
        5,
        null,
        null,
        null,
        1,
        1,
        6,
        null,
        null
      ]
    },
    "timestamp": 1514938264
  }
}
